[    0.000000] Initializing cgroup subsys cpuset
[    0.000000] Initializing cgroup subsys cpu
[    0.000000] Initializing cgroup subsys cpuacct
[    0.000000] Linux version 4.4.0-101-generic (buildd@lcy01-amd64-006) (gcc version 5.4.0 20160609 (Ubuntu 5.4.0-6ubuntu1~16.04.5) ) #124-Ubuntu SMP Fri Nov 10 18:29:59 UTC 2017 (Ubuntu 4.4.0-101.124-generic 4.4.95)
[    0.000000] Command line: BOOT_IMAGE=/boot/vmlinuz-4.4.0-101-generic root=LABEL=cloudimg-rootfs ro console=tty1 console=ttyS0
[    0.000000] KERNEL supported cpus:
[    0.000000]   Intel GenuineIntel
[    0.000000]   AMD AuthenticAMD
[    0.000000]   Centaur CentaurHauls
[    0.000000] x86/fpu: xstate_offset[2]:  576, xstate_sizes[2]:  256
[    0.000000] x86/fpu: Supporting XSAVE feature 0x01: 'x87 floating point registers'
[    0.000000] x86/fpu: Supporting XSAVE feature 0x02: 'SSE registers'
[    0.000000] x86/fpu: Supporting XSAVE feature 0x04: 'AVX registers'
[    0.000000] x86/fpu: Enabled xstate features 0x7, context size is 832 bytes, using 'standard' format.
[    0.000000] x86/fpu: Using 'lazy' FPU context switches.
[    0.000000] e820: BIOS-provided physical RAM map:
[    0.000000] BIOS-e820: [mem 0x0000000000000000-0x000000000009fbff] usable
[    0.000000] BIOS-e820: [mem 0x000000000009fc00-0x000000000009ffff] reserved
[    0.000000] BIOS-e820: [mem 0x00000000000f0000-0x00000000000fffff] reserved
[    0.000000] BIOS-e820: [mem 0x0000000000100000-0x000000001ffeffff] usable
[    0.000000] BIOS-e820: [mem 0x000000001fff0000-0x000000001fffffff] ACPI data
[    0.000000] BIOS-e820: [mem 0x00000000fec00000-0x00000000fec00fff] reserved
[    0.000000] BIOS-e820: [mem 0x00000000fee00000-0x00000000fee00fff] reserved
[    0.000000] BIOS-e820: [mem 0x00000000fffc0000-0x00000000ffffffff] reserved
[    0.000000] NX (Execute Disable) protection: active
[    0.000000] SMBIOS 2.5 present.
[    0.000000] Hypervisor detected: KVM
[    0.000000] e820: last_pfn = 0x1fff0 max_arch_pfn = 0x400000000
[    0.000000] MTRR: Disabled
[    0.000000] x86/PAT: MTRRs disabled, skipping PAT initialization too.
[    0.000000] CPU MTRRs all blank - virtualized system.
[    0.000000] x86/PAT: Configuration [0-7]: WB  WT  UC- UC  WB  WT  UC- UC  
[    0.000000] found SMP MP-table at [mem 0x0009fff0-0x0009ffff] mapped at [ffff88000009fff0]
[    0.000000] Scanning 1 areas for low memory corruption
[    0.000000] RAMDISK: [mem 0x1ecda000-0x1f759fff]
[    0.000000] ACPI: Early table checksum verification disabled
[    0.000000] ACPI: RSDP 0x00000000000E0000 000024 (v02 VBOX  )
[    0.000000] ACPI: XSDT 0x000000001FFF0030 00003C (v01 VBOX   VBOXXSDT 00000001 ASL  00000061)
[    0.000000] ACPI: FACP 0x000000001FFF00F0 0000F4 (v04 VBOX   VBOXFACP 00000001 ASL  00000061)
[    0.000000] ACPI: DSDT 0x000000001FFF0470 0021C8 (v02 VBOX   VBOXBIOS 00000002 INTL 20100528)
[    0.000000] ACPI: FACS 0x000000001FFF0200 000040
[    0.000000] ACPI: FACS 0x000000001FFF0200 000040
[    0.000000] ACPI: APIC 0x000000001FFF0240 000054 (v02 VBOX   VBOXAPIC 00000001 ASL  00000061)
[    0.000000] ACPI: SSDT 0x000000001FFF02A0 0001CC (v01 VBOX   VBOXCPUT 00000002 INTL 20100528)
[    0.000000] No NUMA configuration found
[    0.000000] Faking a node at [mem 0x0000000000000000-0x000000001ffeffff]
[    0.000000] NODE_DATA(0) allocated [mem 0x1ffeb000-0x1ffeffff]
[    0.000000] kvm-clock: Using msrs 4b564d01 and 4b564d00
[    0.000000] kvm-clock: cpu 0, msr 0:1ffe3001, primary cpu clock
[    0.000000] kvm-clock: using sched offset of 4494358905 cycles
[    0.000000] clocksource: kvm-clock: mask: 0xffffffffffffffff max_cycles: 0x1cd42e4dffb, max_idle_ns: 881590591483 ns
[    0.000000] Zone ranges:
[    0.000000]   DMA      [mem 0x0000000000001000-0x0000000000ffffff]
[    0.000000]   DMA32    [mem 0x0000000001000000-0x000000001ffeffff]
[    0.000000]   Normal   empty
[    0.000000]   Device   empty
[    0.000000] Movable zone start for each node
[    0.000000] Early memory node ranges
[    0.000000]   node   0: [mem 0x0000000000001000-0x000000000009efff]
[    0.000000]   node   0: [mem 0x0000000000100000-0x000000001ffeffff]
[    0.000000] Initmem setup node 0 [mem 0x0000000000001000-0x000000001ffeffff]
[    0.000000] ACPI: PM-Timer IO Port: 0x4008
[    0.000000] IOAPIC[0]: apic_id 1, version 32, address 0xfec00000, GSI 0-23
[    0.000000] ACPI: INT_SRC_OVR (bus 0 bus_irq 0 global_irq 2 dfl dfl)
[    0.000000] ACPI: INT_SRC_OVR (bus 0 bus_irq 9 global_irq 9 high level)
[    0.000000] Using ACPI (MADT) for SMP configuration information
[    0.000000] smpboot: Allowing 1 CPUs, 0 hotplug CPUs
[    0.000000] PM: Registered nosave memory: [mem 0x00000000-0x00000fff]
[    0.000000] PM: Registered nosave memory: [mem 0x0009f000-0x0009ffff]
[    0.000000] PM: Registered nosave memory: [mem 0x000a0000-0x000effff]
[    0.000000] PM: Registered nosave memory: [mem 0x000f0000-0x000fffff]
[    0.000000] e820: [mem 0x20000000-0xfebfffff] available for PCI devices
[    0.000000] Booting paravirtualized kernel on KVM
[    0.000000] clocksource: refined-jiffies: mask: 0xffffffff max_cycles: 0xffffffff, max_idle_ns: 7645519600211568 ns
[    0.000000] setup_percpu: NR_CPUS:512 nr_cpumask_bits:512 nr_cpu_ids:1 nr_node_ids:1
[    0.000000] PERCPU: Embedded 34 pages/cpu @ffff88001fc00000 s98328 r8192 d32744 u2097152
[    0.000000] PV qspinlock hash table entries: 256 (order: 0, 4096 bytes)
[    0.000000] Built 1 zonelists in Node order, mobility grouping on.  Total pages: 128889
[    0.000000] Policy zone: DMA32
[    0.000000] Kernel command line: BOOT_IMAGE=/boot/vmlinuz-4.4.0-101-generic root=LABEL=cloudimg-rootfs ro console=tty1 console=ttyS0
[    0.000000] PID hash table entries: 2048 (order: 2, 16384 bytes)
[    0.000000] Memory: 485868K/523832K available (8484K kernel code, 1294K rwdata, 3988K rodata, 1492K init, 1316K bss, 37964K reserved, 0K cma-reserved)
[    0.000000] SLUB: HWalign=64, Order=0-3, MinObjects=0, CPUs=1, Nodes=1
[    0.000000] Hierarchical RCU implementation.
[    0.000000] 	Build-time adjustment of leaf fanout to 64.
[    0.000000] 	RCU restricting CPUs from NR_CPUS=512 to nr_cpu_ids=1.
[    0.000000] RCU: Adjusting geometry for rcu_fanout_leaf=64, nr_cpu_ids=1
[    0.000000] NR_IRQS:33024 nr_irqs:256 16
[    0.000000] Console: colour VGA+ 80x25
[    0.000000] console [tty1] enabled
[    0.000000] console [ttyS0] enabled
[    0.000000] tsc: Detected 3591.706 MHz processor
[    0.262259] Calibrating delay loop (skipped) preset value.. 7183.41 BogoMIPS (lpj=14366824)
[    0.264905] pid_max: default: 32768 minimum: 301
[    0.268539] ACPI: Core revision 20150930
[    0.271860] ACPI: 2 ACPI AML tables successfully acquired and loaded
[    0.283949] Security Framework initialized
[    0.284499] Yama: becoming mindful.
[    0.285003] AppArmor: AppArmor initialized
[    0.285607] Dentry cache hash table entries: 65536 (order: 7, 524288 bytes)
[    0.286493] Inode-cache hash table entries: 32768 (order: 6, 262144 bytes)
[    0.288549] Mount-cache hash table entries: 1024 (order: 1, 8192 bytes)
[    0.297612] Mountpoint-cache hash table entries: 1024 (order: 1, 8192 bytes)
[    0.300199] Initializing cgroup subsys io
[    0.305794] Initializing cgroup subsys memory
[    0.306402] Initializing cgroup subsys devices
[    0.306996] Initializing cgroup subsys freezer
[    0.307577] Initializing cgroup subsys net_cls
[    0.308161] Initializing cgroup subsys perf_event
[    0.310424] Initializing cgroup subsys net_prio
[    0.311019] Initializing cgroup subsys hugetlb
[    0.311599] Initializing cgroup subsys pids
[    0.316053] CPU: Physical Processor ID: 0
[    0.317340] mce: CPU supports 0 MCE banks
[    0.334459] process: using mwait in idle threads
[    0.335309] Last level iTLB entries: 4KB 1024, 2MB 1024, 4MB 1024
[    0.336325] Last level dTLB entries: 4KB 1024, 2MB 1024, 4MB 1024, 1GB 4
[    0.354251] Freeing SMP alternatives memory: 32K
[    0.376946] ftrace: allocating 32156 entries in 126 pages
[    0.419079] smpboot: APIC(0) Converting physical 0 to logical package 0
[    0.435020] smpboot: Max logical packages: 1
[    0.436109] x2apic enabled
[    0.440718] Switched APIC routing to physical x2apic.
[    0.449884] ..TIMER: vector=0x30 apic1=0 pin1=2 apic2=-1 pin2=-1
[    0.561667] smpboot: CPU0: Intel(R) Core(TM) i7-4790 CPU @ 3.60GHz (family: 0x6, model: 0x3c, stepping: 0x3)
[    0.588188] Performance Events: unsupported p6 CPU model 60 no PMU driver, software events only.
[    0.591062] KVM setup paravirtual spinlock
[    0.592112] x86: Booted up 1 node, 1 CPUs
[    0.600694] smpboot: Total of 1 processors activated (7183.41 BogoMIPS)
[    0.601688] devtmpfs: initialized
[    0.603200] evm: security.selinux
[    0.609468] evm: security.SMACK64
[    0.611182] evm: security.SMACK64EXEC
[    0.611700] evm: security.SMACK64TRANSMUTE
[    0.613380] evm: security.SMACK64MMAP
[    0.616411] evm: security.ima
[    0.617152] evm: security.capability
[    0.634205] clocksource: jiffies: mask: 0xffffffff max_cycles: 0xffffffff, max_idle_ns: 7645041785100000 ns
[    0.635960] futex hash table entries: 256 (order: 2, 16384 bytes)
[    0.641538] pinctrl core: initialized pinctrl subsystem
[    0.643769] RTC time: 16:09:47, date: 11/30/17
[    0.644491] NET: Registered protocol family 16
[    0.645234] cpuidle: using governor ladder
[    0.645813] cpuidle: using governor menu
[    0.646397] PCCT header not found.
[    0.646939] ACPI: bus type PCI registered
[    0.647577] acpiphp: ACPI Hot Plug PCI Controller Driver version: 0.5
[    0.648519] PCI: Using configuration type 1 for base access
[    0.675746] ACPI: Added _OSI(Module Device)
[    0.685207] ACPI: Added _OSI(Processor Device)
[    0.693332] ACPI: Added _OSI(3.0 _SCP Extensions)
[    0.702274] ACPI: Added _OSI(Processor Aggregator Device)
[    0.703562] ACPI: Executed 1 blocks of module-level executable AML code
[    0.709904] ACPI: Interpreter enabled
[    0.712433] ACPI: (supports S0 S5)
[    0.716811] ACPI: Using IOAPIC for interrupt routing
[    0.719264] PCI: Using host bridge windows from ACPI; if necessary, use "pci=nocrs" and report a bug
[    0.724830] ACPI: PCI Root Bridge [PCI0] (domain 0000 [bus 00-ff])
[    0.743876] acpi PNP0A03:00: _OSC: OS supports [ASPM ClockPM Segments MSI]
[    0.755720] acpi PNP0A03:00: _OSC failed (AE_NOT_FOUND); disabling ASPM
[    0.756820] acpi PNP0A03:00: fail to add MMCONFIG information, can't access extended PCI configuration space under this bridge.
[    0.760975] PCI host bridge to bus 0000:00
[    0.761748] pci_bus 0000:00: root bus resource [io  0x0000-0x0cf7 window]
[    0.762853] pci_bus 0000:00: root bus resource [io  0x0d00-0xffff window]
[    0.772034] pci_bus 0000:00: root bus resource [mem 0x000a0000-0x000bffff window]
[    0.810247] pci_bus 0000:00: root bus resource [mem 0x20000000-0xffdfffff window]
[    0.830709] pci_bus 0000:00: root bus resource [bus 00-ff]
[    0.837681] pci 0000:00:01.1: legacy IDE quirk: reg 0x10: [io  0x01f0-0x01f7]
[    0.841582] pci 0000:00:01.1: legacy IDE quirk: reg 0x14: [io  0x03f6]
[    0.859546] pci 0000:00:01.1: legacy IDE quirk: reg 0x18: [io  0x0170-0x0177]
[    0.860395] pci 0000:00:01.1: legacy IDE quirk: reg 0x1c: [io  0x0376]
[    0.869701] pci 0000:00:07.0: quirk: [io  0x4000-0x403f] claimed by PIIX4 ACPI
[    0.886239] pci 0000:00:07.0: quirk: [io  0x4100-0x410f] claimed by PIIX4 SMB
[    0.904532] ACPI: PCI Interrupt Link [LNKA] (IRQs 5 9 10 *11)
[    0.930408] ACPI: PCI Interrupt Link [LNKB] (IRQs 5 9 10 *11)
[    0.944244] ACPI: PCI Interrupt Link [LNKC] (IRQs 5 9 *10 11)
[    0.954942] ACPI: PCI Interrupt Link [LNKD] (IRQs 5 *9 10 11)
[    0.981925] ACPI: Enabled 2 GPEs in block 00 to 07
[    0.993856] vgaarb: setting as boot device: PCI:0000:00:02.0
[    0.996372] vgaarb: device added: PCI:0000:00:02.0,decodes=io+mem,owns=io+mem,locks=none
[    1.016560] vgaarb: loaded
[    1.023954] vgaarb: bridge control possible 0000:00:02.0
[    1.024849] SCSI subsystem initialized
[    1.025427] ACPI: bus type USB registered
[    1.033736] usbcore: registered new interface driver usbfs
[    1.039977] usbcore: registered new interface driver hub
[    1.057258] usbcore: registered new device driver usb
[    1.072537] PCI: Using ACPI for IRQ routing
[    1.073713] NetLabel: Initializing
[    1.074435] NetLabel:  domain hash size = 128
[    1.075265] NetLabel:  protocols = UNLABELED CIPSOv4
[    1.079855] NetLabel:  unlabeled traffic allowed by default
[    1.080721] amd_nb: Cannot enumerate AMD northbridges
[    1.088387] clocksource: Switched to clocksource kvm-clock
[    1.098743] AppArmor: AppArmor Filesystem Enabled
[    1.107416] pnp: PnP ACPI init
[    1.110078] pnp: PnP ACPI: found 3 devices
[    1.157432] clocksource: acpi_pm: mask: 0xffffff max_cycles: 0xffffff, max_idle_ns: 2085701024 ns
[    1.235426] NET: Registered protocol family 2
[    1.277826] TCP established hash table entries: 4096 (order: 3, 32768 bytes)
[    1.286010] TCP bind hash table entries: 4096 (order: 4, 65536 bytes)
[    1.325245] TCP: Hash tables configured (established 4096 bind 4096)
[    1.326058] UDP hash table entries: 256 (order: 1, 8192 bytes)
[    1.326785] UDP-Lite hash table entries: 256 (order: 1, 8192 bytes)
[    1.405228] NET: Registered protocol family 1
[    1.421848] pci 0000:00:00.0: Limiting direct PCI/PCI transfers
[    1.424477] pci 0000:00:01.0: Activating ISA DMA hang workarounds
[    1.438076] Unpacking initramfs...
[    2.994792] Freeing initrd memory: 10752K
[    3.003856] RAPL PMU detected, API unit is 2^-32 Joules, 4 fixed counters 10737418240 ms ovfl timer
[    3.009010] hw unit of domain pp0-core 2^-0 Joules
[    3.018643] hw unit of domain package 2^-0 Joules
[    3.026050] hw unit of domain dram 2^-0 Joules
[    3.028209] hw unit of domain pp1-gpu 2^-0 Joules
[    3.029009] platform rtc_cmos: registered platform RTC device (no PNP device found)
[    3.035267] Scanning for low memory corruption every 60 seconds
[    3.036663] audit: initializing netlink subsys (disabled)
[    3.037706] audit: type=2000 audit(1512058194.309:1): initialized
[    3.039054] Initialise system trusted keyring
[    3.042912] HugeTLB registered 2 MB page size, pre-allocated 0 pages
[    3.046817] zbud: loaded
[    3.049991] VFS: Disk quotas dquot_6.6.0
[    3.053197] VFS: Dquot-cache hash table entries: 512 (order 0, 4096 bytes)
[    3.055957] squashfs: version 4.0 (2009/01/31) Phillip Lougher
[    3.056915] fuse init (API version 7.23)
[    3.061630] Key type big_key registered
[    3.062187] Allocating IMA MOK and blacklist keyrings.
[    3.062979] Key type asymmetric registered
[    3.063589] Asymmetric key parser 'x509' registered
[    3.070091] Block layer SCSI generic (bsg) driver version 0.4 loaded (major 249)
[    3.071110] io scheduler noop registered
[    3.071651] io scheduler deadline registered (default)
[    3.072319] io scheduler cfq registered
[    3.074907] pci_hotplug: PCI Hot Plug PCI Core version: 0.5
[    3.075600] pciehp: PCI Express Hot Plug Controller Driver version: 0.4
[    3.081729] ACPI: AC Adapter [AC] (on-line)
[    3.089321] input: Power Button as /devices/LNXSYSTM:00/LNXPWRBN:00/input/input0
[    3.094455] ACPI: Power Button [PWRF]
[    3.095220] input: Sleep Button as /devices/LNXSYSTM:00/LNXSLPBN:00/input/input1
[    3.096556] ACPI: Sleep Button [SLPF]
[    3.097366] GHES: HEST is not enabled!
[    3.103332] Serial: 8250/16550 driver, 32 ports, IRQ sharing enabled
[    3.125589] 00:02: ttyS0 at I/O 0x3f8 (irq = 4, base_baud = 115200) is a 16550A
[    3.153697] Linux agpgart interface v0.103
[    3.195568] loop: module loaded
[    3.199077] scsi host0: ata_piix
[    3.214918] scsi host1: ata_piix
[    3.215619] ata1: PATA max UDMA/33 cmd 0x1f0 ctl 0x3f6 bmdma 0xd000 irq 14
[    3.216733] ata2: PATA max UDMA/33 cmd 0x170 ctl 0x376 bmdma 0xd008 irq 15
[    3.218194] libphy: Fixed MDIO Bus: probed
[    3.218968] tun: Universal TUN/TAP device driver, 1.6
[    3.224587] tun: (C) 1999-2004 Max Krasnyansky <maxk@qualcomm.com>
[    3.231432] PPP generic driver version 2.4.2
[    3.253043] ehci_hcd: USB 2.0 'Enhanced' Host Controller (EHCI) Driver
[    3.263795] ehci-pci: EHCI PCI platform driver
[    3.279743] ehci-platform: EHCI generic platform driver
[    3.283187] ohci_hcd: USB 1.1 'Open' Host Controller (OHCI) Driver
[    3.293787] ohci-pci: OHCI PCI platform driver
[    3.294669] ohci-platform: OHCI generic platform driver
[    3.295649] uhci_hcd: USB Universal Host Controller Interface driver
[    3.296825] i8042: PNP: PS/2 Controller [PNP0303:PS2K,PNP0f03:PS2M] at 0x60,0x64 irq 1,12
[    3.301035] serio: i8042 KBD port at 0x60,0x64 irq 1
[    3.304911] serio: i8042 AUX port at 0x60,0x64 irq 12
[    3.308652] mousedev: PS/2 mouse device common for all mice
[    3.314890] input: AT Translated Set 2 keyboard as /devices/platform/i8042/serio0/input/input2
[    3.318156] rtc_cmos rtc_cmos: rtc core: registered rtc_cmos as rtc0
[    3.318957] rtc_cmos rtc_cmos: alarms up to one day, 114 bytes nvram
[    3.320796] i2c /dev entries driver
[    3.323295] device-mapper: uevent: version 1.0.3
[    3.323951] device-mapper: ioctl: 4.34.0-ioctl (2015-10-28) initialised: dm-devel@redhat.com
[    3.325058] ledtrig-cpu: registered to indicate activity on CPUs
[    3.325977] NET: Registered protocol family 10
[    3.326685] NET: Registered protocol family 17
[    3.337619] Key type dns_resolver registered
[    3.341126] microcode: CPU0 sig=0x306c3, pf=0x40, revision=0x0
[    3.346875] microcode: Microcode Update Driver: v2.01 <tigran@aivazian.fsnet.co.uk>, Peter Oruba
[    3.349740] registered taskstats version 1
[    3.350306] Loading compiled-in X.509 certificates
[    3.351413] Loaded X.509 cert 'Build time autogenerated kernel key: f91c6829a34a801956ec6287af569c0a1f1f8d39'
[    3.352649] zswap: loaded using pool lzo/zbud
[    3.354213] Key type trusted registered
[    3.356290] Key type encrypted registered
[    3.356885] AppArmor: AppArmor sha1 policy hashing enabled
[    3.357569] ima: No TPM chip found, activating TPM-bypass!
[    3.358268] evm: HMAC attrs: 0x1
[    3.358944]   Magic number: 9:599:187
[    3.365031] rtc_cmos rtc_cmos: setting system clock to 2017-11-30 16:09:49 UTC (1512058189)
[    3.376810] BIOS EDD facility v0.16 2004-Jun-25, 0 devices found
[    3.377540] EDD information not available.
[    3.385694] Freeing unused kernel memory: 1492K
[    3.410385] Write protecting the kernel read-only data: 14336k
[    3.441832] Freeing unused kernel memory: 1744K
[    3.454485] Freeing unused kernel memory: 108K
Loading, please [    3.464902] random: systemd-udevd: uninitialized urandom read (16 bytes read, 2 bits of entropy available)
wait...
starting version 229
[    3.479450] random: udevadm: uninitialized urandom read (16 bytes read, 2 bits of entropy available)
[    3.484812] random: udevadm: uninitialized urandom read (16 bytes read, 2 bits of entropy available)
[    3.492568] random: systemd-udevd: uninitialized urandom read (16 bytes read, 2 bits of entropy available)
[    3.512960] random: udevadm: uninitialized urandom read (16 bytes read, 2 bits of entropy available)
[    3.516185] random: udevadm: uninitialized urandom read (16 bytes read, 2 bits of entropy available)
[    3.520978] random: udevadm: uninitialized urandom read (16 bytes read, 2 bits of entropy available)
[    3.523895] random: udevadm: uninitialized urandom read (16 bytes read, 2 bits of entropy available)
[    3.534118] random: systemd-udevd: uninitialized urandom read (16 bytes read, 2 bits of entropy available)
[    3.542108] random: systemd-udevd: uninitialized urandom read (16 bytes read, 2 bits of entropy available)
[    3.583181] e1000: Intel(R) PRO/1000 Network Driver - version 7.3.21-k8-NAPI
[    3.598044] e1000: Copyright (c) 1999-2006 Intel Corporation.
[    3.608026] Fusion MPT base driver 3.04.20
[    3.613695] Copyright (c) 1999-2008 LSI Corporation
[    3.651737] AVX version of gcm_enc/dec engaged.
[    3.674709] AES CTR mode by8 optimization enabled
[    3.696378] Fusion MPT SPI Host driver 3.04.20
[    3.837331] input: ImExPS/2 Generic Explorer Mouse as /devices/platform/i8042/serio1/input/input4
[    4.030967] tsc: Refined TSC clocksource calibration: 3590.105 MHz
[    4.043732] clocksource: tsc: mask: 0xffffffffffffffff max_cycles: 0x33bfcf562cc, max_idle_ns: 440795226951 ns
[    4.101132] e1000 0000:00:03.0 eth0: (PCI:33MHz:32-bit) 02:f3:08:32:2c:e0
[    4.111651] e1000 0000:00:03.0 eth0: Intel(R) PRO/1000 Network Connection
[    4.134213] mptbase: ioc0: Initiating bringup
[    4.220524] ioc0: LSI53C1030 A0: Capabilities={Initiator}
[    4.413575] scsi host2: ioc0: LSI53C1030 A0, FwRev=00000000h, Ports=1, MaxQ=256, IRQ=20
[    4.538250] scsi 2:0:0:0: Direct-Access     VBOX     HARDDISK         1.0  PQ: 0 ANSI: 5
[    4.573907] scsi target2:0:0: Beginning Domain Validation
[    4.634758] scsi target2:0:0: Domain Validation skipping write tests
[    4.643332] scsi target2:0:0: Ending Domain Validation
[    4.652619] scsi target2:0:0: asynchronous
[    4.725293] scsi 2:0:1:0: Direct-Access     VBOX     HARDDISK         1.0  PQ: 0 ANSI: 5
[    4.752557] scsi target2:0:1: Beginning Domain Validation
[    4.869034] scsi target2:0:1: Domain Validation skipping write tests
[    4.880671] scsi target2:0:1: Ending Domain Validation
[    4.924851] scsi target2:0:1: asynchronous
[    4.992956] sd 2:0:0:0: Attached scsi generic sg0 type 0
[    5.004212] sd 2:0:0:0: [sda] 20971520 512-byte logical blocks: (10.7 GB/10.0 GiB)
[    5.007761] sd 2:0:0:0: [sda] Write Protect is off
[    5.009597] sd 2:0:0:0: [sda] Incomplete mode parameter data
[    5.024256] sd 2:0:0:0: [sda] Assuming drive cache: write through
[    5.033586] sd 2:0:1:0: [sdb] 20480 512-byte logical blocks: (10.5 MB/10.0 MiB)
[    5.049571] sd 2:0:1:0: Attached scsi generic sg1 type 0
[    5.062166] e1000 0000:00:08.0 eth1: (PCI:33MHz:32-bit) 08:00:27:89:26:ac
[    5.072270] e1000 0000:00:08.0 eth1: Intel(R) PRO/1000 Network Connection
[    5.073372] sd 2:0:1:0: [sdb] Write Protect is off
[    5.074072] sd 2:0:1:0: [sdb] Incomplete mode parameter data
[    5.078691] sd 2:0:1:0: [sdb] Assuming drive cache: write through
[    5.086690] e1000 0000:00:08.0 enp0s8: renamed from eth1
[    5.090245] e1000 0000:00:03.0 enp0s3: renamed from eth0
[    5.106390]  sda: sda1
[    5.123527] sd 2:0:0:0: [sda] Attached SCSI disk
[    5.133609] sd 2:0:1:0: [sdb] Attached SCSI disk
[    6.681083] floppy0: no floppy controllers found
Begin: Loading e[    7.989571] md: linear personality registered for level -1
ssential drivers ... [    8.000998] md: multipath personality registered for level -4
[    8.020333] md: raid0 personality registered for level 0
[    8.041487] md: raid1 personality registered for level 1
[    8.132763] raid6: sse2x1   gen()  8282 MB/s
[    8.208519] raid6: sse2x1   xor()  7730 MB/s
[    8.292587] raid6: sse2x2   gen() 13662 MB/s
[    8.380601] raid6: sse2x2   xor()  9577 MB/s
[    8.464695] raid6: sse2x4   gen() 16106 MB/s
[    8.540894] raid6: sse2x4   xor() 10162 MB/s
[    8.575925] raid6: using algorithm sse2x4 gen() 16106 MB/s
[    8.576637] raid6: .... xor() 10162 MB/s, rmw enabled
[    8.577272] raid6: using ssse3x2 recovery algorithm
[    8.581753] xor: automatically using best checksumming function:
[    8.640671]    avx       : 23388.000 MB/sec
[    8.685041] async_tx: api initialized (async)
[    8.733766] md: raid6 personality registered for level 6
[    8.746320] md: raid5 personality registered for level 5
[    8.750948] md: raid4 personality registered for level 4
[    8.768768] md: raid10 personality registered for level 10
done.
Begin: Running /scripts/init-premount ... done.
Begin: Mounting root file system ... Begin: Running /scripts/local-top ... done.
Begin: Running /scripts/local-premount ... [    8.848159] Btrfs loaded
Scanning for Btrfs filesystems
done.
Warning: fsck not present, so skipping root file[    8.918832] EXT4-fs (sda1): mounted filesystem with ordered data mode. Opts: (null)
 system
done.
Begin: Running /scripts/local-bottom ... done.
Begin: Running /scripts/init-bottom ... done.
[    9.797125] systemd[1]: systemd 229 running in system mode. (+PAM +AUDIT +SELINUX +IMA +APPARMOR +SMACK +SYSVINIT +UTMP +LIBCRYPTSETUP +GCRYPT +GNUTLS +ACL +XZ -LZ4 +SECCOMP +BLKID +ELFUTILS +KMOD -IDN)
[    9.876865] systemd[1]: Detected virtualization oracle.
[    9.877774] systemd[1]: Detected architecture x86-64.
[   10.013045] random: nonblocking pool is initialized

Welcome to [1mUbuntu 16.04.3 LTS[0m!

[   10.021992] systemd[1]: Set hostname to <ubuntu>.
[   10.169348] systemd[1]: Initializing machine ID from random generator.
[   10.241871] systemd[1]: Installed transient /etc/machine-id file.
[   11.535987] systemd[1]: Reached target User and Group Name Lookups.
[[0;32m  OK  [0m] Reached target User and Group Name Lookups.
[   11.636718] systemd[1]: Reached target Swap.
[[0;32m  OK  [0m] Reached target Swap.
[   11.717039] systemd[1]: Listening on Journal Socket (/dev/log).
[[0;32m  OK  [0m] Listening on Journal Socket (/dev/log).
[   11.849005] systemd[1]: Listening on Journal Audit Socket.
[[0;32m  OK  [0m] Listening on Journal Audit Socket.
[   11.965217] systemd[1]: Listening on Journal Socket.
[[0;32m  OK  [0m] Listening on Journal Socket.
[   11.981635] systemd[1]: Started Trigger resolvconf update for networkd DNS.
[[0;32m  OK  [0m] Started Trigger resolvconf update for networkd DNS.
[   12.009441] systemd[1]: Listening on LVM2 poll daemon socket.
[[0;32m  OK  [0m] Listening on LVM2 poll daemon socket.
[   12.015053] systemd[1]: Listening on /dev/initctl Compatibility Named Pipe.
[[0;32m  OK  [0m] Listening on /dev/initctl Compatibility Named Pipe.
[   12.061004] systemd[1]: Started Forward Password Requests to Wall Directory Watch.
[[0;32m  OK  [0m] Started Forward Password Requests to Wall Directory Watch.
[   12.078817] systemd[1]: Created slice System Slice.
[[0;32m  OK  [0m] Created slice System Slice.
[   12.243057] systemd[1]: Starting Load Kernel Modules...
         Starting Load Kernel Modules...
[   12.299608] systemd[1]: Listening on Syslog Socket.
[[0;32m  OK  [0m] Listening on Syslog Socket.
[   12.373369] systemd[1]: Starting Create list of required static device nodes for the current kernel...
         Starting Create list of required st... nodes for the current kernel...
[   12.412687] systemd[1]: Listening on LVM2 metadata daemon socket.
[[0;32m  OK  [0m] Listening on LVM2 metadata daemon socket.
[   12.415192] systemd[1]: Listening on udev Control Socket.
[[0;32m  OK  [0m] Listening on udev Control Socket.
[   12.503956] systemd[1]: Listening on Device-mapper event daemon FIFOs.
[[0;32m  OK  [0m] Listening on Device-mapper event daemon FIFOs.
[   12.506490] systemd[1]: Set up automount Arbitrary Executable File Formats File System Automount Point.
[[0;32m  OK  [0m] Set up automount Arbitrary Executab...ats File System Automount Point.
[   12.546512] systemd[1]: Mounting Debug File System...
[   12.591859] Loading iSCSI transport class v2.0-870.
         Mounting Debug File System...
[   12.607287] systemd[1]: Created slice User and Session Slice.
[[0;32m  OK  [0m] Created slice User and Session Slice.
[   12.629152] systemd[1]: Reached target Encrypted Volumes.
[[0;32m  OK  [0m] Reached target Encrypted Volumes.
[   12.633501] systemd[1]: Mounting POSIX Message Queue File System...
         Mounting POSIX Message Queue File System...
[   12.639935] systemd[1]: Mounting Huge Pages File System...
         Mounting Huge Pages File System...
[   12.642695] systemd[1]: Starting Journal Service...
         Starting Journal Service...
[   12.646078] systemd[1]: Starting Remount Root and Kernel File Systems...
         Starting Remount Root and Kernel File Systems...
[   12.717177] systemd[1]: Listening on udev Kernel Socket.
[[0;32m  OK  [0m] Listening on udev Kernel Socket.
[   12.723539] systemd[1]: Starting Uncomplicated firewall...
         Starting Uncomplicated firewall...
[   12.733147] systemd[1]: Created slice system-serial\x2dgetty.slice.
[   12.736460] EXT4-fs (sda1): re-mounted. Opts: (null)
[[0;32m  OK  [0m] Created slice system-serial\x2dgetty.slice.
[   12.761667] systemd[1]: Starting Nameserver information manager...
         Starting Nameserver information manager...
[   12.767152] iscsi: registered transport (tcp)
[   12.771224] systemd[1]: Reached target Slices.
[[0;32m  OK  [0m] Reached target Slices.
[   12.773286] systemd[1]: Starting Monitoring of LVM2 mirrors, snapshots etc. using dmeventd or progress polling...
         Starting Monitoring of LVM2 mirrors... dmeventd or progress polling...
[   12.825967] systemd[1]: Starting Set console keymap...
         Starting Set console keymap...
[   12.930675] systemd[1]: Mounted POSIX Message Queue File System.
[[0;32m  OK  [0m] Mounted POSIX Message Queue File System.
[   13.068992] systemd[1]: Mounted Huge Pages File System.
[[0;32m  OK  [0m] Mounted Huge Pages File System.
[   13.139453] systemd[1]: Mounted Debug File System.
[[0;32m  OK  [0m] Mounted Debug File System.
[   13.157149] systemd[1]: Started Create list of required static device nodes for the current kernel.
[[0;32m  OK  [0m] Started Create list of required sta...ce nodes for the current kernel.
[   13.163724] systemd[1]: Started Remount Root and Kernel File Systems.
[[0;32m  OK  [0m] Started Remount Root and Kernel File Systems.[   13.260513] iscsi: registered transport (iser)

[   13.273957] systemd[1]: Started Uncomplicated firewall.
[[0;32m  OK  [0m] Started Uncomplicated firewall.
[   13.343231] systemd[1]: Started Load Kernel Modules.
[[0;32m  OK  [0m] Started Load Kernel Modules.
[   13.377904] systemd[1]: Started Set console keymap.
[[0;32m  OK  [0m] Started Set console keymap.
[   13.485908] systemd[1]: Started Nameserver information manager.
[[0;32m  OK  [0m] Started Nameserver information manager.
[   13.555350] systemd[1]: Started Journal Service.
[[0;32m  OK  [0m] Started Journal Service.
[[0;32m  OK  [0m] Started LVM2 metadata daemon.
         Mounting FUSE Control File System...
         Starting Apply Kernel Variables...
         Starting Load/Save Random Seed...
         Starting Flush Journal to Persistent Storage...
         Starting udev Coldplug all Devices...
         Starting Initial cloud-init job (pre-networking)...
         Starting Create Static Device Nodes in /dev...
[[0;32m  OK  [0m] Mounted FUSE Control File System.
[[0;32m  OK  [0m] Started Apply Kernel Variables.
[[0;32m  OK  [0m] Started Monitoring of LVM2 mirrors,...ng dmeventd or progress polling.
[[0;32m  OK  [0m] Started Load/Save Random Seed.
[[0;32m  OK  [0m] Started udev Coldplug all Devices.
[[0;32m  OK  [0m] Started Flush Journal to Persistent Storage.
[[0;32m  OK  [0m] Started Create Static Device Nodes in /dev.
         Starting udev Kernel Device Manager...
[[0;32m  OK  [0m] Started udev Kernel Device Manager.
[[0;32m  OK  [0m] Started Dispatch Password Requests to Console Directory Watch.
[[0;32m  OK  [0m] Reached target Local File Systems (Pre).
[[0;32m  OK  [0m] Reached target Local File Systems.
         Starting Tell Plymouth To Write Out Runtime Data...
         Starting Set console font and keymap...
         Starting Create Volatile Files and Directories...
         Starting LSB: AppArmor initialization...
         Starting Commit a transient machine-id on disk...
[[0;32m  OK  [0m] Started Commit a transient machine-id on disk.
[[0;32m  OK  [0m] Started Create Volatile Files and Directories.
[[0;32m  OK  [0m] Reached target System Time Synchronized.
         Starting Update UTMP about System Boot/Shutdown...
[[0;32m  OK  [0m] Started Tell Plymouth To Write Out Runtime Data.
[[0;32m  OK  [0m] Found device /dev/ttyS0.
[[0;32m  OK  [0m] Started Update UTMP about System Boot/Shutdown.
[[0;32m  OK  [0m] Listening on Load/Save RF Kill Switch Status /dev/rfkill Watch.
[[0;32m  OK  [0m] Started LSB: AppArmor initialization.
[[0;32m  OK  [0m] Started Set console font and keymap.
[[0;32m  OK  [0m] Created slice system-getty.slice.
[   18.560829] cloud-init[456]: Cloud-init v. 17.1 running 'init-local' at Thu, 30 Nov 2017 16:10:04 +0000. Up 18.08 seconds.
[[0;32m  OK  [0m] Started Initial cloud-init job (pre-networking).
[[0;32m  OK  [0m] Reached target Network (Pre).
         Starting Raise network interfaces...
[[0;32m  OK  [0m] Started Raise network interfaces.
[[0;32m  OK  [0m] Reached target Network.
         Starting Initial cloud-init job (metadata service crawler)...
[   21.066036] cloud-init[968]: Cloud-init v. 17.1 running 'init' at Thu, 30 Nov 2017 16:10:06 +0000. Up 19.28 seconds.
[   21.078010] cloud-init[968]: ci-info: +++++++++++++++++++++++++++++++++++++Net device info++++++++++++++++++++++++++++++++++++++
[   21.079519] cloud-init[968]: ci-info: +--------+-------+---------------------------+---------------+-------+-------------------+
[   21.085117] cloud-init[968]: ci-info: | Device |   Up  |          Address          |      Mask     | Scope |     Hw-Address    |
[   21.098474] cloud-init[968]: ci-info: +--------+-------+---------------------------+---------------+-------+-------------------+
[   21.104591] cloud-init[968]: ci-info: | enp0s3 |  True |         10.0.2.15         | 255.255.255.0 |   .   | 02:f3:08:32:2c:e0 |
[   21.228996] cloud-init[968]: ci-info: | enp0s3 |  True | fe80::f3:8ff:fe32:2ce0/64 |       .       |  link | 02:f3:08:32:2c:e0 |
[[0;32m  OK  [0m] Started Initial cloud-init job (metadata service crawler).
[[0;32m  OK  [0m] Reached target Cloud-config availability.
[[0;32m  OK  [0m] Reached target Network is Online.
         Starting iSCSI initiator daemon (iscsid)...
[[0;32m  OK  [0m] Reached target System Initialization.
[   21.248253] cloud-init[968]: ci-info: | enp0s8 | False |             .             |       .       |   .   | 08:00:27:89:26:ac |
         Starting LXD - unix socket.
[   21.323561] cloud-init[968]: ci-info: |   lo   |  True |         127.0.0.1         |   255.0.0.0   |   .   |         .         |
[   21.404954] cloud-init[968]: ci-info: |   lo   |  True |          ::1/128          |       .       |  host |         .         |
[[0;32m  OK  [0m] Started ACPI Events Check.
[   21.416029] cloud-init[968]: ci-info: +--------+-------+---------------------------+---------------+-------+-------------------+
[   21.428414] cloud-init[968]: ci-info: +++++++++++++++++++++++++++Route IPv4 info++++++++++++++++++++++++++++
[[0;32m  OK  [0m] Reached target Paths.
         Starting Socket activation for snappy daemon.
[   21.470920] cloud-init[968]: ci-info: +-------+-------------+----------+---------------+-----------+-------+
[   21.518684] cloud-init[968]: ci-info: | Route | Destination | Gateway  |    Genmask    | Interface | Flags |
[[0;32m  OK  [0m] Listening on ACPID Listen Socket.
[[0;32m  OK  [0m] Started Daily apt download activities.
[[0;32m  OK  [0m] Started Timer to automatically refresh installed snaps.
[[0;32m  OK  [0m] Listening on UUID daemon activation socket.
[   21.521672] cloud-init[968]: ci-info: +-------+-------------+----------+---------------+-----------+-------+
[   21.588913] cloud-init[968]: ci-info: |   0   |   0.0.0.0   | 10.0.2.2 |    0.0.0.0    |   enp0s3  |   UG  |
[   21.664923] cloud-init[968]: ci-info: |   1   |   10.0.2.0  | 0.0.0.0  | 255.255.255.0 |   enp0s3  |   U   |
[   21.696205] cloud-init[968]: ci-info: +-------+-------------+----------+---------------+-----------+-------+
[[0;32m  OK  [0m] Started Daily apt upgrade and clean activities.
[[0;32m  OK  [0m] Listening on D-Bus System Message Bus Socket.
[   21.747782] cloud-init[968]: Generating public/private rsa key pair.
[   21.812588] cloud-init[968]: Your identification has been saved in /etc/ssh/ssh_host_rsa_key.
[[0;32m  OK  [0m] Started Daily Cleanup of Temporary Directories.
[[0;32m  OK  [0m] Reached target Timers.
[   21.862442] cloud-init[968]: Your public key has been saved in /etc/ssh/ssh_host_rsa_key.pub.
[   21.916490] cloud-init[968]: The key fingerprint is:
[[0;32m  OK  [0m] [   21.956259] cloud-init[968]: SHA256:xn7oJEibiKCX7DRpLVINOefJFJMP7fjLx+fIUso4hGM root@ubuntu-xenial
[   21.956470] cloud-init[968]: The key's randomart image is:
[   21.956527] cloud-init[968]: +---[RSA 2048]----+
[   21.956583] cloud-init[968]: |    oo           |
[   21.956617] cloud-init[968]: |   .oo.          |
[   21.956651] cloud-init[968]: |  + o=           |
[   21.956684] cloud-init[968]: |   O..o.         |
[   21.956717] cloud-init[968]: |. ..*.  S        |
[   21.956749] cloud-init[968]: |o+E*.+.o..       |
[   21.956781] cloud-init[968]: |+.@o=+.=+ .      |
[   21.956816] cloud-init[968]: | * oo *=oo.      |
[   21.956848] cloud-init[968]: |  .  . o+o.      |
[   21.956881] cloud-init[968]: +----[SHA256]-----+
[   21.956914] cloud-init[968]: Generating public/private dsa key pair.
[   21.956946] cloud-init[968]: Your identification has been saved in /etc/ssh/ssh_host_dsa_key.
[   21.957012] cloud-init[968]: Your public key has been saved in /etc/ssh/ssh_host_dsa_key.pub.
[   21.957049] cloud-init[968]: The key fingerprint is:
[   21.957085] cloud-init[968]: SHA256:dUeuiOa4jWQNOabHRO7WWi2NJo8WNKASTzb+Jd2AhBE root@ubuntu-xenial
[   21.957124] cloud-init[968]: The key's randomart image is:
[   21.957162] cloud-init[968]: +---[DSA 1024]----+
[   21.957190] cloud-init[968]: |  E=..        .  |
[   21.957213] cloud-init[968]: |. = o .      o   |
[   21.957237] cloud-init[968]: | * o o.o  . . o  |
[   21.957263] cloud-init[968]: |. + .o=..o o o   |
[   21.957303] cloud-init[968]: | . . +B.S . .    |
[   21.957335] cloud-init[968]: |    .*.O +       |
[   21.957366] cloud-init[968]: |    . X.O o      |
[   21.957394] cloud-init[968]: |     =.@ .       |
[   21.957419] cloud-init[968]: |     .= o        |
[   21.957451] cloud-init[968]: +----[SHA256]-----+
[   21.957486] cloud-init[968]: Generating public/private ecdsa key pair.
[   21.957512] cloud-init[968]: Your identification has been saved in /etc/ssh/ssh_host_ecdsa_key.
[   21.957535] cloud-init[968]: Your public key has been saved in /etc/ssh/ssh_host_ecdsa_key.pub.
[   21.957557] cloud-init[968]: The key fingerprint is:
[   21.957584] cloud-init[968]: SHA256:5oeVcPih+0VqERLxV+JIUXBpWQf1tArWEOwnsmApjVg root@ubuntu-xenial
[   21.957607] cloud-init[968]: The key's randomart image is:
[   21.957630] cloud-init[968]: +---[ECDSA 256]---+
[   21.957652] cloud-init[968]: |        o.=*=++o+|
[   21.957674] cloud-init[968]: |     E   = =*o oo|
[   21.957706] cloud-init[968]: |    o o = B+o. ..|
[   21.957745] cloud-init[968]: |   . o = B.B...  |
[   21.957783] cloud-init[968]: |      o S B +.   |
[   21.957912] cloud-init[968]: |       o = +     |
[   21.957978] cloud-init[968]: |        + + .    |
[   21.958025] cloud-init[968]: |         + .     |
[   21.958063] cloud-init[968]: |          .      |
[   21.958103] cloud-init[968]: +----[SHA256]-----+
[   21.958136] cloud-init[968]: Generating public/private ed25519 key pair.
[   21.958169] cloud-init[968]: Your identification has been saved in /etc/ssh/ssh_host_ed25519_key.
[   21.958205] cloud-init[968]: Your public key has been saved in /etc/ssh/ssh_host_ed25519_key.pub.
[   21.958231] cloud-init[968]: The key fingerprint is:
[   21.958269] cloud-init[968]: SHA256:1om8ncC6zVxlLwc5GgICILxJwOWQT38F71qT7I3Fr4E root@ubuntu-xenial
[   21.958308] cloud-init[968]: The key's randomart image is:
[   21.958345] cloud-init[968]: +--[ED25519 256]--+
[   21.958383] cloud-init[968]: |Bo+.   ..        |
[   21.958422] cloud-init[968]: |.=oo    ..       |
[   21.958461] cloud-init[968]: |. =.o . ..       |
[   21.958500] cloud-init[968]: | o . o =ooo. .   |
[   21.958527] cloud-init[968]: |      . S*+o*    |
[   21.958558] cloud-init[968]: |       o+=**.+   |
[   21.958595] cloud-init[968]: |      ...E=o..o  |
[   21.958629] cloud-init[968]: |       = .  oo   |
[   21.959031] cloud-init[968]: |      . +  .     |
[   21.959082] cloud-init[968]: +----[SHA256]-----+
Listening on LXD - unix socket.
[[0;32m  OK  [0m] Listening on Socket activation for snappy daemon.
[[0;32m  OK  [0m] Started iSCSI initiator daemon (iscsid).
         Starting Login to default iSCSI targets...
[[0;32m  OK  [0m] Reached target Sockets.
[[0;32m  OK  [0m] Reached target Basic System.
         Starting Apply the settings specified in cloud-config...
[[0;32m  OK  [0m] Started Deferred execution scheduler.
         Starting System Logging Service...
         Starting Login Service...
[[0;32m  OK  [0m] Started Unattended Upgrades Shutdown.
[[0;32m  OK  [0m] Started ACPI event daemon.
         Starting /etc/rc.local Compatibility...
         Starting Pollinate to seed the pseudo random number generator...
[[0;32m  OK  [0m] Started Regular background program processing daemon.
         Starting LSB: MD monitoring daemon...
[[0;32m  OK  [0m] Started FUSE filesystem for LXC.
[[0;32m  OK  [0m] Started D-Bus System Message Bus.
[   24.111527] cloud-init[1072]: Generating locales (this might take a while)...
         Starting Accounts Service...
         Starting LSB: Record successful boot for GRUB...
         Starting Snappy daemon...
         Starting LXD - container startup/shutdown...
[[0;32m  OK  [0m] Started System Logging Service.
[[0;32m  OK  [0m] Started /etc/rc.local Compatibility.
[[0;32m  OK  [0m] Started Login Service.
[[0;32m  OK  [0m] Started Login to default iSCSI targets.
[[0;32m  OK  [0m] Reached target Remote File Systems (Pre).
[[0;32m  OK  [0m] Reached target Remote File Systems.
         Starting LSB: automatic crash report generation...
         Starting LSB: Set the CPU Frequency Scaling governor to "ondemand"...
         Starting LSB: daemon to balance interrupts for SMP systems...
         Starting Permit User Sessions...
         Starting LSB: VirtualBox Linux Additions...
[[0;32m  OK  [0m] Started LSB: MD monitoring daemon.
[[0;32m  OK  [0m] Started Permit User Sessions.
[[0;32m  OK  [0m] Started LSB: Set the CPU Frequency Scaling governor to "ondemand".
         Starting Terminate Plymouth Boot Screen...
         Starting Hold until boot process finishes up...
[[0;32m  OK  [0m] Started LSB: Record successful boot for GRUB.
[[0;32m  OK  [0m] Started LSB: automatic crash report generation.
[[0;32m  OK  [0m] Started Terminate Plymouth Boot Screen.
[[0;32m  OK  [0m] Started Hold until boot process finishes up.
         Starting Set console scheme...
[[0;32m  OK  [0m] Started Getty on tty1.
[[0;32m  OK  [0m] Started Serial Getty on ttyS0.
[[0;32m  OK  [0m] Reached target Login Prompts.
[[0;32m  OK  [0m] Started Set console scheme.
[[0;32m  OK  [0m] Started LSB: daemon to balance interrupts for SMP systems.
         Starting Authenticate and Authorize Users to Run Privileged Tasks...
[[0;32m  OK  [0m] Started LSB: VirtualBox Linux Additions.
[[0;32m  OK  [0m] Started Authenticate and Authorize Users to Run Privileged Tasks.
[[0;32m  OK  [0m] Started Accounts Service.
[   26.400310] cloud-init[1072]:   en_US.UTF-8... done
[   26.501417] cloud-init[1072]: Generation complete.
[[0;32m  OK  [0m] Started Pollinate to seed the pseudo random number generator.
         Starting OpenBSD Secure Shell server...
[[0;32m  OK  [0m] Stopped OpenBSD Secure Shell server.
         Starting OpenBSD Secure Shell server...
[[0;32m  OK  [0m] Started OpenBSD Secure Shell server.
[[0;32m  OK  [0m] Started Snappy daemon.
[[0;32m  OK  [0m] Started LXD - container startup/shutdown.
[[0;32m  OK  [0m] Reached target Multi-User System.
[[0;32m  OK  [0m] Reached target Graphical Interface.
         Starting Update UTMP about System Runlevel Changes...
[[0;32m  OK  [0m] Started Update UTMP about System Runlevel Changes.
[   29.150023] cloud-init[1072]: Cloud-init v. 17.1 running 'modules:config' at Thu, 30 Nov 2017 16:10:10 +0000. Up 23.61 seconds.
[[0;32m  OK  [0m] Started Apply the settings specified in cloud-config.
         Starting Execute cloud user/final scripts...
ci-info: no authorized ssh keys fingerprints found for user ubuntu.
<14>Nov 30 16:10:16 ec2: 
<14>Nov 30 16:10:16 ec2: #############################################################
<14>Nov 30 16:10:16 ec2: -----BEGIN SSH HOST KEY FINGERPRINTS-----
<14>Nov 30 16:10:16 ec2: 1024 SHA256:dUeuiOa4jWQNOabHRO7WWi2NJo8WNKASTzb+Jd2AhBE root@ubuntu-xenial (DSA)
<14>Nov 30 16:10:16 ec2: 256 SHA256:5oeVcPih+0VqERLxV+JIUXBpWQf1tArWEOwnsmApjVg root@ubuntu-xenial (ECDSA)
<14>Nov 30 16:10:16 ec2: 256 SHA256:1om8ncC6zVxlLwc5GgICILxJwOWQT38F71qT7I3Fr4E root@ubuntu-xenial (ED25519)
<14>Nov 30 16:10:16 ec2: 2048 SHA256:xn7oJEibiKCX7DRpLVINOefJFJMP7fjLx+fIUso4hGM root@ubuntu-xenial (RSA)
<14>Nov 30 16:10:16 ec2: -----END SSH HOST KEY FINGERPRINTS-----
<14>Nov 30 16:10:16 ec2: #############################################################
-----BEGIN SSH HOST KEY KEYS-----
ecdsa-sha2-nistp256 AAAAE2VjZHNhLXNoYTItbmlzdHAyNTYAAAAIbmlzdHAyNTYAAABBBFLSx3/3nMlsFqsYLCK0eSIDsrvwjz2pHXiNJOorD/Lt8aq6Ji9s92m4P8QVdnSHY0DqMcK/0SQYufNXZIsJveg= root@ubuntu-xenial
ssh-ed25519 AAAAC3NzaC1lZDI1NTE5AAAAIELitaxNEd3liWLBT7Z/dFNj/ko2vU6T3slO+VXWn2co root@ubuntu-xenial
ssh-rsa AAAAB3NzaC1yc2EAAAADAQABAAABAQDjR4y7gqIZ1kOD/IYw4Vasj7NnbQA7q1hN8rvvf0b7XNXj+zQN81QcMu5VVxqK4qg8pWhn6eoRHOtW0q2ZyxAdnWifWFPosBZmMB9SK/6wUSQjYIHEXWYj9B2FC6j9s9MCQyRljyay04+Axub/J1vuRtiYD9OLBhYIbpbLTxzgQcwKnInjwysOrGL7e9UlzAYJwEyFBzu5fjHxTJr9/rqRP1kNnjwOF9hC69kqKqSjYoq5fjuGnP+z7+ib1/+13pBByROVXmWjFdrnHxea87/QLvu1RF+miwu3RFgpEKO3GwdKcXfhEldcmg8jHiXxyl5PYqQYWTdQS4tROFAlKqtX root@ubuntu-xenial
-----END SSH HOST KEY KEYS-----
[   29.934012] cloud-init[1350]: Cloud-init v. 17.1 running 'modules:final' at Thu, 30 Nov 2017 16:10:16 +0000. Up 29.45 seconds.
[   29.974727] cloud-init[1350]: ci-info: no authorized ssh keys fingerprints found for user ubuntu.
[   29.991332] cloud-init[1350]: Cloud-init v. 17.1 finished at Thu, 30 Nov 2017 16:10:16 +0000. Datasource DataSourceNoCloud [seed=/dev/sdb][dsmode=net].  Up 29.92 seconds
[[0;32m  OK  [0m] Started Execute cloud user/final scripts.
[[0;32m  OK  [0m] Reached target Cloud-init target.

Ubuntu 16.04.3 LTS ubuntu-xenial ttyS0

ubuntu-xenial login: 